<?xml version="1.0" encoding="UTF-8"?>
<testng-results ignored="0" total="1" passed="1" failed="0" skipped="0">
  <reporter-output>
  </reporter-output>
  <suite started-at="2022-07-11T13:50:29 IST" name="Default suite" finished-at="2022-07-11T13:50:30 IST" duration-ms="1151">
    <groups>
    </groups>
    <test started-at="2022-07-11T13:50:29 IST" name="Default test" finished-at="2022-07-11T13:50:30 IST" duration-ms="1151">
      <class name="packageone.SumValidation">
        <test-method signature="sumOfCourses()[pri:0, instance:packageone.SumValidation@1e802ef9]" started-at="2022-07-11T13:50:29 IST" name="sumOfCourses" finished-at="2022-07-11T13:50:30 IST" duration-ms="1117" status="PASS">
          <reporter-output>
          </reporter-output>
        </test-method> <!-- sumOfCourses -->
      </class> <!-- packageone.SumValidation -->
    </test> <!-- Default test -->
  </suite> <!-- Default suite -->
</testng-results>
